<?xml version="1.0" encoding="UTF-8"?>
<testsuite xmlns:xsi="http://www.w3.org/2001/XMLSchema-instance" xsi:noNamespaceSchemaLocation="https://maven.apache.org/surefire/maven-surefire-plugin/xsd/surefire-test-report.xsd" version="3.0.2" name="com.hospitalappointment.HospitalAppointmentApplicationTests" time="1.678" tests="1" errors="0" skipped="0" failures="0" flakes="0">
  <properties>
[...]
</properties>
  <testcase name="contextLoads" classname="com.hospitalappointment.HospitalAppointmentApplicationTests" time="0.607">
    <system-out><![CDATA[12:58:53.863 [main] INFO org.springframework.test.context.support.AnnotationConfigContextLoaderUtils -- Could not detect default configuration classes for test class [com.hospitalappointment.HospitalAppointmentApplicationTests]: HospitalAppointmentApplicationTests does not declare any static, non-private, non-final, nested classes annotated with @Configuration.
12:58:53.958 [main] INFO org.springframework.boot.test.context.SpringBootTestContextBootstrapper -- Found @SpringBootConfiguration com.hospitalappointment.HospitalAppointmentApplication for test class com.hospitalappointment.HospitalAppointmentApplicationTests

  .   ____          _            __ _ _
 /\\ / ___'_ __ _ _(_)_ __  __ _ \ \ \ \
( ( )\___ | '_ | '_| | '_ \/ _` | \ \ \ \
 \\/  ___)| |_)| | | | | || (_| |  ) ) ) )
  '  |____| .__|_| |_|_| |_\__, | / / / /
 =========|_|==============|___/=/_/_/_/

 :: Spring Boot ::               (v3.5.13)

2026-04-19T12:58:54.411Z  INFO 4098 --- [HospitalAppointment] [           main] c.h.HospitalAppointmentApplicationTests  : Starting HospitalAppointmentApplicationTests using Java 17.0.18 with PID 4098 (started by runner in /home/runner/work/Hospital-Appointment/Hospital-Appointment/HospitalAppointment/HospitalAppointment)
2026-04-19T12:58:54.412Z  INFO 4098 --- [HospitalAppointment] [           main] c.h.HospitalAppointmentApplicationTests  : No active profile set, falling back to 1 default profile: "default"
2026-04-19T12:58:54.789Z  INFO 4098 --- [HospitalAppointment] [           main] c.h.HospitalAppointmentApplicationTests  : Started HospitalAppointmentApplicationTests in 0.704 seconds (process running for 1.803)
]]></system-out>
  </testcase>
</testsuite>